Determining if the pthread_create exist failed with the following output:
Change Dir: /home/christian/ObstacleAvoidance/build/CMakeFiles/CMakeTmp

Run Build Command:"/usr/bin/make" "cmTryCompileExec2314584779/fast"
/usr/bin/make -f CMakeFiles/cmTryCompileExec2314584779.dir/build.make CMakeFiles/cmTryCompileExec2314584779.dir/build
make[1]: Entering directory `/home/christian/ObstacleAvoidance/build/CMakeFiles/CMakeTmp'
/usr/bin/cmake -E cmake_progress_report /home/christian/ObstacleAvoidance/build/CMakeFiles/CMakeTmp/CMakeFiles 1
Building C object CMakeFiles/cmTryCompileExec2314584779.dir/CheckSymbolExists.c.o
/usr/bin/cc    -o CMakeFiles/cmTryCompileExec2314584779.dir/CheckSymbolExists.c.o   -c /home/christian/ObstacleAvoidance/build/CMakeFiles/CMakeTmp/CheckSymbolExists.c
Linking C executable cmTryCompileExec2314584779
/usr/bin/cmake -E cmake_link_script CMakeFiles/cmTryCompileExec2314584779.dir/link.txt --verbose=1
/usr/bin/cc       CMakeFiles/cmTryCompileExec2314584779.dir/CheckSymbolExists.c.o  -o cmTryCompileExec2314584779 -rdynamic 
CMakeFiles/cmTryCompileExec2314584779.dir/CheckSymbolExists.c.o: In function `main':
CheckSymbolExists.c:(.text+0x16): undefined reference to `pthread_create'
collect2: error: ld returned 1 exit status
make[1]: *** [cmTryCompileExec2314584779] Error 1
make[1]: Leaving directory `/home/christian/ObstacleAvoidance/build/CMakeFiles/CMakeTmp'
make: *** [cmTryCompileExec2314584779/fast] Error 2

File /home/christian/ObstacleAvoidance/build/CMakeFiles/CMakeTmp/CheckSymbolExists.c:
/* */
#include <pthread.h>

int main(int argc, char** argv)
{
  (void)argv;
#ifndef pthread_create
  return ((int*)(&pthread_create))[argc];
#else
  (void)argc;
  return 0;
#endif
}

Determining if the function pthread_create exists in the pthreads failed with the following output:
Change Dir: /home/christian/ObstacleAvoidance/build/CMakeFiles/CMakeTmp

Run Build Command:"/usr/bin/make" "cmTryCompileExec2121078173/fast"
/usr/bin/make -f CMakeFiles/cmTryCompileExec2121078173.dir/build.make CMakeFiles/cmTryCompileExec2121078173.dir/build
make[1]: Entering directory `/home/christian/ObstacleAvoidance/build/CMakeFiles/CMakeTmp'
/usr/bin/cmake -E cmake_progress_report /home/christian/ObstacleAvoidance/build/CMakeFiles/CMakeTmp/CMakeFiles 1
Building C object CMakeFiles/cmTryCompileExec2121078173.dir/CheckFunctionExists.c.o
/usr/bin/cc   -DCHECK_FUNCTION_EXISTS=pthread_create   -o CMakeFiles/cmTryCompileExec2121078173.dir/CheckFunctionExists.c.o   -c /usr/share/cmake-3.2/Modules/CheckFunctionExists.c
Linking C executable cmTryCompileExec2121078173
/usr/bin/cmake -E cmake_link_script CMakeFiles/cmTryCompileExec2121078173.dir/link.txt --verbose=1
/usr/bin/cc   -DCHECK_FUNCTION_EXISTS=pthread_create    CMakeFiles/cmTryCompileExec2121078173.dir/CheckFunctionExists.c.o  -o cmTryCompileExec2121078173 -rdynamic -lpthreads 
/usr/bin/ld: cannot find -lpthreads
collect2: error: ld returned 1 exit status
make[1]: *** [cmTryCompileExec2121078173] Error 1
make[1]: Leaving directory `/home/christian/ObstacleAvoidance/build/CMakeFiles/CMakeTmp'
make: *** [cmTryCompileExec2121078173/fast] Error 2


